EEEEEEEEEEEEEEEEEEEEEEEEEEEEEEFFEFFFFFFFFFFFFFFFFFFFFFFFFFFF............ [ 57%]
.FFFFFFF.....F..FF.FFF...............................                    [100%]
=========================== short test summary info ============================
FAILED tests/unit/test_configuration_resolver.py::test_lambda_handler_get_configuration
FAILED tests/unit/test_configuration_resolver.py::test_lambda_handler_update_configuration
FAILED tests/unit/test_configuration_resolver.py::test_handle_get_configuration_success
FAILED tests/unit/test_configuration_resolver.py::test_handle_get_configuration_empty_custom
FAILED tests/unit/test_configuration_resolver.py::test_handle_update_configuration_with_json_string
FAILED tests/unit/test_configuration_resolver.py::test_handle_update_configuration_with_dict
FAILED tests/unit/test_configuration_resolver.py::test_handle_update_configuration_invalid_json
FAILED tests/unit/test_configuration_resolver.py::test_handle_get_document_count_success
FAILED tests/unit/test_configuration_resolver.py::test_handle_get_document_count_zero
FAILED tests/unit/test_configuration_resolver.py::test_handle_get_document_count_dynamodb_error
FAILED tests/unit/test_configuration_resolver.py::test_remove_partition_key
FAILED tests/unit/test_configuration_resolver.py::test_remove_partition_key_none
FAILED tests/unit/test_configuration_resolver.py::test_query_completed_documents_using_gsi
FAILED tests/unit/test_configuration_resolver.py::test_query_completed_documents_with_pagination
FAILED tests/unit/test_configuration_resolver.py::test_query_completed_documents_fallback_to_scan
FAILED tests/unit/test_configuration_resolver.py::test_handle_re_embed_all_documents_success
FAILED tests/unit/test_configuration_resolver.py::test_handle_re_embed_all_documents_no_documents
FAILED tests/unit/test_configuration_resolver.py::test_handle_re_embed_all_documents_enforces_limit
FAILED tests/unit/test_configuration_resolver.py::test_handle_get_re_embed_job_status_success
FAILED tests/unit/test_configuration_resolver.py::test_handle_get_re_embed_job_status_no_job
FAILED tests/unit/test_configuration_resolver.py::test_handle_get_re_embed_job_status_completed
FAILED tests/unit/test_generate_embeddings.py::test_lambda_handler_success - ...
FAILED tests/unit/test_generate_embeddings.py::test_lambda_handler_text_only
FAILED tests/unit/test_generate_embeddings.py::test_lambda_handler_text_truncation
FAILED tests/unit/test_generate_embeddings.py::test_lambda_handler_bedrock_failure
FAILED tests/unit/test_generate_embeddings.py::test_lambda_handler_skip_pages_without_images
FAILED tests/unit/test_generate_embeddings.py::test_lambda_handler_missing_required_fields
FAILED tests/unit/test_generate_embeddings.py::test_lambda_handler_uses_runtime_config
FAILED tests/unit/test_generate_embeddings.py::test_lambda_handler_uses_default_models_from_config
FAILED tests/unit/test_process_document.py::test_lambda_handler_success - Att...
FAILED tests/unit/test_process_document.py::test_lambda_handler_ocr_failure
FAILED tests/unit/test_process_document.py::test_lambda_handler_missing_required_field
FAILED tests/unit/test_process_document.py::test_lambda_handler_with_bedrock_backend
FAILED tests/unit/test_process_document.py::test_lambda_handler_page_text_truncation
FAILED tests/unit/test_process_document.py::test_lambda_handler_uses_runtime_config
FAILED tests/unit/test_process_document.py::test_lambda_handler_uses_textract_from_config
FAILED tests/unit/test_query_kb.py::test_lambda_handler_success - assert 0.0 ...
FAILED tests/unit/test_query_kb.py::test_lambda_handler_custom_max_results - ...
FAILED tests/unit/test_query_kb.py::test_lambda_handler_default_max_results
FAILED tests/unit/test_query_kb.py::test_lambda_handler_bedrock_error - Asser...
FAILED tests/unit/test_query_kb.py::test_lambda_handler_missing_content_fields
FAILED tests/unit/test_query_kb.py::test_lambda_handler_result_count_logged
ERROR lib/ragstack_common/test_bedrock.py::test_backoff_calculation - _pytest...
ERROR lib/ragstack_common/test_bedrock.py::test_metering_data - _pytest.confi...
ERROR lib/ragstack_common/test_bedrock.py::test_client_initialization - _pyte...
ERROR lib/ragstack_common/test_config.py::test_init_with_table_name - _pytest...
ERROR lib/ragstack_common/test_config.py::test_init_with_env_var - _pytest.co...
ERROR lib/ragstack_common/test_config.py::test_init_without_table_name - _pyt...
ERROR lib/ragstack_common/test_config.py::test_get_configuration_item_success
ERROR lib/ragstack_common/test_config.py::test_get_configuration_item_not_found
ERROR lib/ragstack_common/test_config.py::test_get_configuration_item_dynamodb_error
ERROR lib/ragstack_common/test_config.py::test_get_effective_config_with_custom_override
ERROR lib/ragstack_common/test_config.py::test_get_effective_config_no_custom
ERROR lib/ragstack_common/test_config.py::test_get_effective_config_empty_table
ERROR lib/ragstack_common/test_config.py::test_get_parameter_exists - _pytest...
ERROR lib/ragstack_common/test_config.py::test_get_parameter_with_default - _...
ERROR lib/ragstack_common/test_config.py::test_get_parameter_none_default - _...
ERROR lib/ragstack_common/test_config.py::test_update_custom_config_success
ERROR lib/ragstack_common/test_config.py::test_update_custom_config_dynamodb_error
ERROR lib/ragstack_common/test_config.py::test_get_schema_success - _pytest.c...
ERROR lib/ragstack_common/test_config.py::test_get_schema_not_found - _pytest...
ERROR lib/ragstack_common/test_config.py::test_remove_partition_key - _pytest...
ERROR lib/ragstack_common/test_config.py::test_remove_partition_key_none - _p...
ERROR lib/ragstack_common/test_config.py::test_remove_partition_key_empty_dict
ERROR lib/ragstack_common/test_image.py::test_resize_image - _pytest.config.e...
ERROR lib/ragstack_common/test_image.py::test_bedrock_format - _pytest.config...
ERROR lib/ragstack_common/test_models.py::test_document_creation - _pytest.co...
ERROR lib/ragstack_common/test_models.py::test_document_serialization - _pyte...
ERROR lib/ragstack_common/test_ocr.py::test_is_text_native_pdf - _pytest.conf...
ERROR lib/ragstack_common/test_ocr.py::test_ocr_service_initialization - _pyt...
ERROR lib/ragstack_common/test_storage.py::test_parse_s3_uri - _pytest.config...
ERROR lib/ragstack_common/test_storage.py::test_parse_s3_uri_root - _pytest.c...
ERROR tests/unit/test_configuration_resolver.py::test_lambda_handler_unsupported_operation
42 failed, 52 passed, 1 skipped, 31 errors in 0.63s
