{"/home/user/RAGStack-Lambda/amplify/data/config.ts": {"path":"/home/user/RAGStack-Lambda/amplify/data/config.ts","statementMap":{"0":{"start":{"line":8,"column":37},"end":{"line":16,"column":null}}},"fnMap":{},"branchMap":{"0":{"loc":{"start":{"line":9,"column":19},"end":{"line":9,"column":null}},"type":"binary-expr","locations":[{"start":{"line":9,"column":19},"end":{"line":9,"column":52}},{"start":{"line":9,"column":52},"end":{"line":9,"column":null}}],"line":9},"1":{"loc":{"start":{"line":10,"column":10},"end":{"line":10,"column":null}},"type":"binary-expr","locations":[{"start":{"line":10,"column":10},"end":{"line":10,"column":36}},{"start":{"line":10,"column":36},"end":{"line":10,"column":null}}],"line":10},"2":{"loc":{"start":{"line":11,"column":26},"end":{"line":11,"column":null}},"type":"binary-expr","locations":[{"start":{"line":11,"column":26},"end":{"line":11,"column":66}},{"start":{"line":11,"column":66},"end":{"line":11,"column":null}}],"line":11},"3":{"loc":{"start":{"line":12,"column":14},"end":{"line":12,"column":null}},"type":"binary-expr","locations":[{"start":{"line":12,"column":14},"end":{"line":12,"column":42}},{"start":{"line":12,"column":42},"end":{"line":12,"column":null}}],"line":12},"4":{"loc":{"start":{"line":13,"column":20},"end":{"line":13,"column":null}},"type":"binary-expr","locations":[{"start":{"line":13,"column":20},"end":{"line":13,"column":55}},{"start":{"line":13,"column":55},"end":{"line":13,"column":null}}],"line":13},"5":{"loc":{"start":{"line":14,"column":28},"end":{"line":14,"column":null}},"type":"binary-expr","locations":[{"start":{"line":14,"column":28},"end":{"line":14,"column":57}},{"start":{"line":14,"column":57},"end":{"line":14,"column":null}}],"line":14},"6":{"loc":{"start":{"line":15,"column":25},"end":{"line":15,"column":null}},"type":"binary-expr","locations":[{"start":{"line":15,"column":25},"end":{"line":15,"column":51}},{"start":{"line":15,"column":51},"end":{"line":15,"column":null}}],"line":15}},"s":{"0":1},"f":{},"b":{"0":[1,1],"1":[1,1],"2":[1,1],"3":[1,1],"4":[1,1],"5":[1,1],"6":[1,1]},"meta":{"lastBranch":7,"lastFunction":0,"lastStatement":1,"seen":{"s:8:37:16:Infinity":0,"b:9:19:9:52:9:52:9:Infinity":0,"b:10:10:10:36:10:36:10:Infinity":1,"b:11:26:11:66:11:66:11:Infinity":2,"b:12:14:12:42:12:42:12:Infinity":3,"b:13:20:13:55:13:55:13:Infinity":4,"b:14:28:14:57:14:57:14:Infinity":5,"b:15:25:15:51:15:51:15:Infinity":6}}}
,"/home/user/RAGStack-Lambda/amplify/data/functions/conversation.ts": {"path":"/home/user/RAGStack-Lambda/amplify/data/functions/conversation.ts","statementMap":{"0":{"start":{"line":22,"column":38},"end":{"line":22,"column":null}},"1":{"start":{"line":23,"column":16},"end":{"line":23,"column":null}},"2":{"start":{"line":24,"column":21},"end":{"line":24,"column":null}},"3":{"start":{"line":42,"column":66},"end":{"line":115,"column":null}},"4":{"start":{"line":43,"column":57},"end":{"line":43,"column":null}},"5":{"start":{"line":46,"column":23},"end":{"line":46,"column":null}},"6":{"start":{"line":47,"column":30},"end":{"line":47,"column":null}},"7":{"start":{"line":48,"column":19},"end":{"line":48,"column":null}},"8":{"start":{"line":50,"column":2},"end":{"line":56,"column":null}},"9":{"start":{"line":58,"column":2},"end":{"line":114,"column":null}},"10":{"start":{"line":60,"column":19},"end":{"line":60,"column":null}},"11":{"start":{"line":65,"column":4},"end":{"line":81,"column":null}},"12":{"start":{"line":66,"column":6},"end":{"line":70,"column":null}},"13":{"start":{"line":67,"column":8},"end":{"line":69,"column":null}},"14":{"start":{"line":73,"column":6},"end":{"line":75,"column":null}},"15":{"start":{"line":74,"column":8},"end":{"line":74,"column":null}},"16":{"start":{"line":77,"column":6},"end":{"line":80,"column":null}},"17":{"start":{"line":85,"column":23},"end":{"line":85,"column":null}},"18":{"start":{"line":86,"column":28},"end":{"line":86,"column":null}},"19":{"start":{"line":87,"column":26},"end":{"line":87,"column":null}},"20":{"start":{"line":89,"column":4},"end":{"line":89,"column":null}},"21":{"start":{"line":92,"column":21},"end":{"line":99,"column":null}},"22":{"start":{"line":102,"column":4},"end":{"line":107,"column":null}},"23":{"start":{"line":109,"column":4},"end":{"line":109,"column":null}},"24":{"start":{"line":112,"column":4},"end":{"line":112,"column":null}},"25":{"start":{"line":113,"column":4},"end":{"line":113,"column":null}},"26":{"start":{"line":122,"column":14},"end":{"line":122,"column":null}},"27":{"start":{"line":123,"column":2},"end":{"line":126,"column":null}},"28":{"start":{"line":124,"column":4},"end":{"line":124,"column":null}},"29":{"start":{"line":125,"column":4},"end":{"line":125,"column":null}},"30":{"start":{"line":128,"column":2},"end":{"line":128,"column":null}},"31":{"start":{"line":130,"column":19},"end":{"line":130,"column":null}},"32":{"start":{"line":132,"column":2},"end":{"line":164,"column":null}},"33":{"start":{"line":133,"column":19},"end":{"line":138,"column":null}},"34":{"start":{"line":140,"column":4},"end":{"line":142,"column":null}},"35":{"start":{"line":141,"column":6},"end":{"line":141,"column":null}},"36":{"start":{"line":145,"column":31},"end":{"line":152,"column":null}},"37":{"start":{"line":155,"column":4},"end":{"line":155,"column":null}},"38":{"start":{"line":156,"column":4},"end":{"line":156,"column":null}},"39":{"start":{"line":158,"column":4},"end":{"line":158,"column":null}},"40":{"start":{"line":159,"column":4},"end":{"line":159,"column":null}},"41":{"start":{"line":162,"column":4},"end":{"line":162,"column":null}},"42":{"start":{"line":163,"column":4},"end":{"line":163,"column":null}},"43":{"start":{"line":186,"column":19},"end":{"line":186,"column":null}},"44":{"start":{"line":187,"column":8},"end":{"line":187,"column":null}},"45":{"start":{"line":188,"column":14},"end":{"line":188,"column":null}},"46":{"start":{"line":190,"column":2},"end":{"line":285,"column":null}},"47":{"start":{"line":192,"column":22},"end":{"line":192,"column":null}},"48":{"start":{"line":194,"column":4},"end":{"line":224,"column":null}},"49":{"start":{"line":195,"column":27},"end":{"line":212,"column":null}},"50":{"start":{"line":214,"column":29},"end":{"line":214,"column":null}},"51":{"start":{"line":215,"column":6},"end":{"line":215,"column":null}},"52":{"start":{"line":219,"column":6},"end":{"line":222,"column":null}},"53":{"start":{"line":220,"column":8},"end":{"line":220,"column":null}},"54":{"start":{"line":221,"column":8},"end":{"line":221,"column":null}},"55":{"start":{"line":223,"column":6},"end":{"line":223,"column":null}},"56":{"start":{"line":227,"column":4},"end":{"line":276,"column":null}},"57":{"start":{"line":228,"column":22},"end":{"line":228,"column":null}},"58":{"start":{"line":230,"column":6},"end":{"line":275,"column":null}},"59":{"start":{"line":231,"column":27},"end":{"line":248,"column":null}},"60":{"start":{"line":250,"column":29},"end":{"line":250,"column":null}},"61":{"start":{"line":251,"column":8},"end":{"line":251,"column":null}},"62":{"start":{"line":255,"column":8},"end":{"line":273,"column":null}},"63":{"start":{"line":257,"column":10},"end":{"line":269,"column":null}},"64":{"start":{"line":271,"column":10},"end":{"line":271,"column":null}},"65":{"start":{"line":272,"column":10},"end":{"line":272,"column":null}},"66":{"start":{"line":274,"column":8},"end":{"line":274,"column":null}},"67":{"start":{"line":279,"column":4},"end":{"line":279,"column":null}},"68":{"start":{"line":282,"column":4},"end":{"line":282,"column":null}},"69":{"start":{"line":284,"column":4},"end":{"line":284,"column":null}},"70":{"start":{"line":299,"column":18},"end":{"line":299,"column":null}},"71":{"start":{"line":301,"column":2},"end":{"line":305,"column":null}},"72":{"start":{"line":307,"column":2},"end":{"line":342,"column":null}},"73":{"start":{"line":308,"column":21},"end":{"line":320,"column":null}},"74":{"start":{"line":323,"column":20},"end":{"line":323,"column":null}},"75":{"start":{"line":326,"column":20},"end":{"line":326,"column":null}},"76":{"start":{"line":328,"column":4},"end":{"line":331,"column":null}},"77":{"start":{"line":333,"column":4},"end":{"line":337,"column":null}},"78":{"start":{"line":340,"column":4},"end":{"line":340,"column":null}},"79":{"start":{"line":341,"column":4},"end":{"line":341,"column":null}},"80":{"start":{"line":352,"column":25},"end":{"line":352,"column":null}},"81":{"start":{"line":354,"column":2},"end":{"line":375,"column":null}},"82":{"start":{"line":355,"column":4},"end":{"line":355,"column":null}},"83":{"start":{"line":355,"column":39},"end":{"line":355,"column":null}},"84":{"start":{"line":357,"column":4},"end":{"line":374,"column":null}},"85":{"start":{"line":359,"column":20},"end":{"line":359,"column":null}},"86":{"start":{"line":362,"column":23},"end":{"line":362,"column":null}},"87":{"start":{"line":365,"column":22},"end":{"line":365,"column":null}},"88":{"start":{"line":367,"column":6},"end":{"line":373,"column":null}},"89":{"start":{"line":368,"column":8},"end":{"line":372,"column":null}},"90":{"start":{"line":378,"column":24},"end":{"line":380,"column":null}},"91":{"start":{"line":379,"column":4},"end":{"line":379,"column":null}},"92":{"start":{"line":379,"column":36},"end":{"line":379,"column":64}},"93":{"start":{"line":383,"column":26},"end":{"line":394,"column":null}},"94":{"start":{"line":385,"column":40},"end":{"line":385,"column":null}},"95":{"start":{"line":386,"column":6},"end":{"line":392,"column":null}},"96":{"start":{"line":396,"column":2},"end":{"line":396,"column":null}}},"fnMap":{"0":{"name":"(anonymous_0)","decl":{"start":{"line":42,"column":66},"end":{"line":42,"column":73}},"loc":{"start":{"line":42,"column":83},"end":{"line":115,"column":null}},"line":42},"1":{"name":"getChatConfig","decl":{"start":{"line":120,"column":22},"end":{"line":120,"column":59}},"loc":{"start":{"line":120,"column":59},"end":{"line":165,"column":null}},"line":120},"2":{"name":"atomicQuotaCheckAndIncrement","decl":{"start":{"line":181,"column":22},"end":{"line":181,"column":null}},"loc":{"start":{"line":185,"column":19},"end":{"line":286,"column":null}},"line":185},"3":{"name":"queryKnowledgeBase","decl":{"start":{"line":291,"column":22},"end":{"line":291,"column":null}},"loc":{"start":{"line":298,"column":67},"end":{"line":343,"column":null}},"line":298},"4":{"name":"extractSources","decl":{"start":{"line":351,"column":22},"end":{"line":351,"column":37}},"loc":{"start":{"line":351,"column":91},"end":{"line":397,"column":null}},"line":351},"5":{"name":"(anonymous_5)","decl":{"start":{"line":378,"column":39},"end":{"line":378,"column":40}},"loc":{"start":{"line":379,"column":4},"end":{"line":379,"column":null}},"line":379},"6":{"name":"(anonymous_6)","decl":{"start":{"line":379,"column":29},"end":{"line":379,"column":30}},"loc":{"start":{"line":379,"column":36},"end":{"line":379,"column":64}},"line":379},"7":{"name":"(anonymous_7)","decl":{"start":{"line":384,"column":22},"end":{"line":384,"column":29}},"loc":{"start":{"line":384,"column":40},"end":{"line":393,"column":5}},"line":384}},"branchMap":{"0":{"loc":{"start":{"line":52,"column":21},"end":{"line":52,"column":null}},"type":"binary-expr","locations":[{"start":{"line":52,"column":21},"end":{"line":52,"column":31}},{"start":{"line":52,"column":31},"end":{"line":52,"column":null}}],"line":52},"1":{"loc":{"start":{"line":53,"column":25},"end":{"line":53,"column":null}},"type":"binary-expr","locations":[{"start":{"line":53,"column":25},"end":{"line":53,"column":48}},{"start":{"line":53,"column":48},"end":{"line":53,"column":null}}],"line":53},"2":{"loc":{"start":{"line":54,"column":14},"end":{"line":54,"column":null}},"type":"binary-expr","locations":[{"start":{"line":54,"column":14},"end":{"line":54,"column":26}},{"start":{"line":54,"column":26},"end":{"line":54,"column":null}}],"line":54},"3":{"loc":{"start":{"line":55,"column":19},"end":{"line":55,"column":null}},"type":"binary-expr","locations":[{"start":{"line":55,"column":19},"end":{"line":55,"column":38}},{"start":{"line":55,"column":38},"end":{"line":55,"column":null}}],"line":55},"4":{"loc":{"start":{"line":65,"column":4},"end":{"line":81,"column":null}},"type":"if","locations":[{"start":{"line":65,"column":4},"end":{"line":81,"column":null}},{"start":{},"end":{}}],"line":65},"5":{"loc":{"start":{"line":66,"column":6},"end":{"line":70,"column":null}},"type":"if","locations":[{"start":{"line":66,"column":6},"end":{"line":70,"column":null}},{"start":{},"end":{}}],"line":66},"6":{"loc":{"start":{"line":73,"column":6},"end":{"line":75,"column":null}},"type":"if","locations":[{"start":{"line":73,"column":6},"end":{"line":75,"column":null}},{"start":{},"end":{}}],"line":73},"7":{"loc":{"start":{"line":73,"column":10},"end":{"line":73,"column":52}},"type":"binary-expr","locations":[{"start":{"line":73,"column":10},"end":{"line":73,"column":20}},{"start":{"line":73,"column":20},"end":{"line":73,"column":52}}],"line":73},"8":{"loc":{"start":{"line":85,"column":23},"end":{"line":85,"column":null}},"type":"binary-expr","locations":[{"start":{"line":85,"column":23},"end":{"line":85,"column":46}},{"start":{"line":85,"column":46},"end":{"line":85,"column":56}},{"start":{"line":85,"column":56},"end":{"line":85,"column":null}}],"line":85},"9":{"loc":{"start":{"line":105,"column":20},"end":{"line":105,"column":null}},"type":"binary-expr","locations":[{"start":{"line":105,"column":20},"end":{"line":105,"column":48}},{"start":{"line":105,"column":48},"end":{"line":105,"column":null}}],"line":105},"10":{"loc":{"start":{"line":123,"column":2},"end":{"line":126,"column":null}},"type":"if","locations":[{"start":{"line":123,"column":2},"end":{"line":126,"column":null}},{"start":{},"end":{}}],"line":123},"11":{"loc":{"start":{"line":123,"column":6},"end":{"line":123,"column":56}},"type":"binary-expr","locations":[{"start":{"line":123,"column":6},"end":{"line":123,"column":23}},{"start":{"line":123,"column":23},"end":{"line":123,"column":56}}],"line":123},"12":{"loc":{"start":{"line":140,"column":4},"end":{"line":142,"column":null}},"type":"if","locations":[{"start":{"line":140,"column":4},"end":{"line":142,"column":null}},{"start":{},"end":{}}],"line":140},"13":{"loc":{"start":{"line":146,"column":19},"end":{"line":146,"column":null}},"type":"binary-expr","locations":[{"start":{"line":146,"column":19},"end":{"line":146,"column":58}},{"start":{"line":146,"column":58},"end":{"line":146,"column":null}}],"line":146},"14":{"loc":{"start":{"line":147,"column":20},"end":{"line":147,"column":null}},"type":"binary-expr","locations":[{"start":{"line":147,"column":20},"end":{"line":147,"column":57}},{"start":{"line":147,"column":57},"end":{"line":147,"column":null}}],"line":147},"15":{"loc":{"start":{"line":148,"column":21},"end":{"line":148,"column":null}},"type":"binary-expr","locations":[{"start":{"line":148,"column":21},"end":{"line":148,"column":59}},{"start":{"line":148,"column":59},"end":{"line":148,"column":null}}],"line":148},"16":{"loc":{"start":{"line":149,"column":33},"end":{"line":149,"column":82}},"type":"binary-expr","locations":[{"start":{"line":149,"column":33},"end":{"line":149,"column":75}},{"start":{"line":149,"column":75},"end":{"line":149,"column":82}}],"line":149},"17":{"loc":{"start":{"line":150,"column":34},"end":{"line":150,"column":83}},"type":"binary-expr","locations":[{"start":{"line":150,"column":34},"end":{"line":150,"column":78}},{"start":{"line":150,"column":78},"end":{"line":150,"column":83}}],"line":150},"18":{"loc":{"start":{"line":151,"column":27},"end":{"line":151,"column":null}},"type":"binary-expr","locations":[{"start":{"line":151,"column":27},"end":{"line":151,"column":75}},{"start":{"line":151,"column":75},"end":{"line":151,"column":null}}],"line":151},"19":{"loc":{"start":{"line":214,"column":38},"end":{"line":214,"column":78}},"type":"binary-expr","locations":[{"start":{"line":214,"column":38},"end":{"line":214,"column":75}},{"start":{"line":214,"column":75},"end":{"line":214,"column":78}}],"line":214},"20":{"loc":{"start":{"line":219,"column":6},"end":{"line":222,"column":null}},"type":"if","locations":[{"start":{"line":219,"column":6},"end":{"line":222,"column":null}},{"start":{},"end":{}}],"line":219},"21":{"loc":{"start":{"line":227,"column":4},"end":{"line":276,"column":null}},"type":"if","locations":[{"start":{"line":227,"column":4},"end":{"line":276,"column":null}},{"start":{},"end":{}}],"line":227},"22":{"loc":{"start":{"line":250,"column":38},"end":{"line":250,"column":76}},"type":"binary-expr","locations":[{"start":{"line":250,"column":38},"end":{"line":250,"column":73}},{"start":{"line":250,"column":73},"end":{"line":250,"column":76}}],"line":250},"23":{"loc":{"start":{"line":255,"column":8},"end":{"line":273,"column":null}},"type":"if","locations":[{"start":{"line":255,"column":8},"end":{"line":273,"column":null}},{"start":{},"end":{}}],"line":255},"24":{"loc":{"start":{"line":323,"column":20},"end":{"line":323,"column":null}},"type":"binary-expr","locations":[{"start":{"line":323,"column":20},"end":{"line":323,"column":45}},{"start":{"line":323,"column":45},"end":{"line":323,"column":null}}],"line":323},"25":{"loc":{"start":{"line":326,"column":41},"end":{"line":326,"column":67}},"type":"binary-expr","locations":[{"start":{"line":326,"column":41},"end":{"line":326,"column":63}},{"start":{"line":326,"column":63},"end":{"line":326,"column":67}}],"line":326},"26":{"loc":{"start":{"line":355,"column":4},"end":{"line":355,"column":null}},"type":"if","locations":[{"start":{"line":355,"column":4},"end":{"line":355,"column":null}},{"start":{},"end":{}}],"line":355},"27":{"loc":{"start":{"line":359,"column":20},"end":{"line":359,"column":null}},"type":"binary-expr","locations":[{"start":{"line":359,"column":20},"end":{"line":359,"column":53}},{"start":{"line":359,"column":53},"end":{"line":359,"column":null}}],"line":359},"28":{"loc":{"start":{"line":362,"column":23},"end":{"line":362,"column":null}},"type":"binary-expr","locations":[{"start":{"line":362,"column":23},"end":{"line":362,"column":70}},{"start":{"line":362,"column":70},"end":{"line":362,"column":null}}],"line":362},"29":{"loc":{"start":{"line":365,"column":22},"end":{"line":365,"column":null}},"type":"binary-expr","locations":[{"start":{"line":365,"column":22},"end":{"line":365,"column":43}},{"start":{"line":365,"column":43},"end":{"line":365,"column":null}}],"line":365},"30":{"loc":{"start":{"line":367,"column":6},"end":{"line":373,"column":null}},"type":"if","locations":[{"start":{"line":367,"column":6},"end":{"line":373,"column":null}},{"start":{},"end":{}}],"line":367},"31":{"loc":{"start":{"line":367,"column":10},"end":{"line":367,"column":28}},"type":"binary-expr","locations":[{"start":{"line":367,"column":10},"end":{"line":367,"column":21}},{"start":{"line":367,"column":21},"end":{"line":367,"column":28}}],"line":367}},"s":{"0":1,"1":1,"2":1,"3":1,"4":0,"5":0,"6":0,"7":0,"8":0,"9":0,"10":0,"11":0,"12":0,"13":0,"14":0,"15":0,"16":0,"17":0,"18":0,"19":0,"20":0,"21":0,"22":0,"23":0,"24":0,"25":0,"26":1,"27":1,"28":0,"29":0,"30":1,"31":1,"32":1,"33":1,"34":1,"35":0,"36":1,"37":1,"38":1,"39":1,"40":1,"41":0,"42":0,"43":0,"44":0,"45":0,"46":0,"47":0,"48":0,"49":0,"50":0,"51":0,"52":0,"53":0,"54":0,"55":0,"56":0,"57":0,"58":0,"59":0,"60":0,"61":0,"62":0,"63":0,"64":0,"65":0,"66":0,"67":0,"68":0,"69":0,"70":2,"71":2,"72":2,"73":2,"74":1,"75":2,"76":1,"77":1,"78":1,"79":1,"80":7,"81":7,"82":6,"83":0,"84":6,"85":7,"86":7,"87":7,"88":7,"89":5,"90":7,"91":5,"92":5,"93":7,"94":4,"95":4,"96":7},"f":{"0":0,"1":1,"2":0,"3":2,"4":7,"5":5,"6":5,"7":4},"b":{"0":[0,0],"1":[0,0],"2":[0,0],"3":[0,0],"4":[0,0],"5":[0,0],"6":[0,0],"7":[0,0],"8":[0,0,0],"9":[0,0],"10":[0,1],"11":[1,0],"12":[0,1],"13":[1,1],"14":[1,1],"15":[1,1],"16":[1,1],"17":[1,1],"18":[1,1],"19":[0,0],"20":[0,0],"21":[0,0],"22":[0,0],"23":[0,0],"24":[1,0],"25":[2,0],"26":[0,6],"27":[7,1],"28":[7,5],"29":[7,1],"30":[5,2],"31":[7,6]},"meta":{"lastBranch":32,"lastFunction":8,"lastStatement":97,"seen":{"s:22:38:22:Infinity":0,"s:23:16:23:Infinity":1,"s:24:21:24:Infinity":2,"s:42:66:115:Infinity":3,"f:42:66:42:73":0,"s:43:57:43:Infinity":4,"s:46:23:46:Infinity":5,"s:47:30:47:Infinity":6,"s:48:19:48:Infinity":7,"s:50:2:56:Infinity":8,"b:52:21:52:31:52:31:52:Infinity":0,"b:53:25:53:48:53:48:53:Infinity":1,"b:54:14:54:26:54:26:54:Infinity":2,"b:55:19:55:38:55:38:55:Infinity":3,"s:58:2:114:Infinity":9,"s:60:19:60:Infinity":10,"b:65:4:81:Infinity:undefined:undefined:undefined:undefined":4,"s:65:4:81:Infinity":11,"b:66:6:70:Infinity:undefined:undefined:undefined:undefined":5,"s:66:6:70:Infinity":12,"s:67:8:69:Infinity":13,"b:73:6:75:Infinity:undefined:undefined:undefined:undefined":6,"s:73:6:75:Infinity":14,"b:73:10:73:20:73:20:73:52":7,"s:74:8:74:Infinity":15,"s:77:6:80:Infinity":16,"s:85:23:85:Infinity":17,"b:85:23:85:46:85:46:85:56:85:56:85:Infinity":8,"s:86:28:86:Infinity":18,"s:87:26:87:Infinity":19,"s:89:4:89:Infinity":20,"s:92:21:99:Infinity":21,"s:102:4:107:Infinity":22,"b:105:20:105:48:105:48:105:Infinity":9,"s:109:4:109:Infinity":23,"s:112:4:112:Infinity":24,"s:113:4:113:Infinity":25,"f:120:22:120:59":1,"s:122:14:122:Infinity":26,"b:123:2:126:Infinity:undefined:undefined:undefined:undefined":10,"s:123:2:126:Infinity":27,"b:123:6:123:23:123:23:123:56":11,"s:124:4:124:Infinity":28,"s:125:4:125:Infinity":29,"s:128:2:128:Infinity":30,"s:130:19:130:Infinity":31,"s:132:2:164:Infinity":32,"s:133:19:138:Infinity":33,"b:140:4:142:Infinity:undefined:undefined:undefined:undefined":12,"s:140:4:142:Infinity":34,"s:141:6:141:Infinity":35,"s:145:31:152:Infinity":36,"b:146:19:146:58:146:58:146:Infinity":13,"b:147:20:147:57:147:57:147:Infinity":14,"b:148:21:148:59:148:59:148:Infinity":15,"b:149:33:149:75:149:75:149:82":16,"b:150:34:150:78:150:78:150:83":17,"b:151:27:151:75:151:75:151:Infinity":18,"s:155:4:155:Infinity":37,"s:156:4:156:Infinity":38,"s:158:4:158:Infinity":39,"s:159:4:159:Infinity":40,"s:162:4:162:Infinity":41,"s:163:4:163:Infinity":42,"f:181:22:181:Infinity":2,"s:186:19:186:Infinity":43,"s:187:8:187:Infinity":44,"s:188:14:188:Infinity":45,"s:190:2:285:Infinity":46,"s:192:22:192:Infinity":47,"s:194:4:224:Infinity":48,"s:195:27:212:Infinity":49,"s:214:29:214:Infinity":50,"b:214:38:214:75:214:75:214:78":19,"s:215:6:215:Infinity":51,"b:219:6:222:Infinity:undefined:undefined:undefined:undefined":20,"s:219:6:222:Infinity":52,"s:220:8:220:Infinity":53,"s:221:8:221:Infinity":54,"s:223:6:223:Infinity":55,"b:227:4:276:Infinity:undefined:undefined:undefined:undefined":21,"s:227:4:276:Infinity":56,"s:228:22:228:Infinity":57,"s:230:6:275:Infinity":58,"s:231:27:248:Infinity":59,"s:250:29:250:Infinity":60,"b:250:38:250:73:250:73:250:76":22,"s:251:8:251:Infinity":61,"b:255:8:273:Infinity:undefined:undefined:undefined:undefined":23,"s:255:8:273:Infinity":62,"s:257:10:269:Infinity":63,"s:271:10:271:Infinity":64,"s:272:10:272:Infinity":65,"s:274:8:274:Infinity":66,"s:279:4:279:Infinity":67,"s:282:4:282:Infinity":68,"s:284:4:284:Infinity":69,"f:291:22:291:Infinity":3,"s:299:18:299:Infinity":70,"s:301:2:305:Infinity":71,"s:307:2:342:Infinity":72,"s:308:21:320:Infinity":73,"s:323:20:323:Infinity":74,"b:323:20:323:45:323:45:323:Infinity":24,"s:326:20:326:Infinity":75,"b:326:41:326:63:326:63:326:67":25,"s:328:4:331:Infinity":76,"s:333:4:337:Infinity":77,"s:340:4:340:Infinity":78,"s:341:4:341:Infinity":79,"f:351:22:351:37":4,"s:352:25:352:Infinity":80,"s:354:2:375:Infinity":81,"b:355:4:355:Infinity:undefined:undefined:undefined:undefined":26,"s:355:4:355:Infinity":82,"s:355:39:355:Infinity":83,"s:357:4:374:Infinity":84,"s:359:20:359:Infinity":85,"b:359:20:359:53:359:53:359:Infinity":27,"s:362:23:362:Infinity":86,"b:362:23:362:70:362:70:362:Infinity":28,"s:365:22:365:Infinity":87,"b:365:22:365:43:365:43:365:Infinity":29,"b:367:6:373:Infinity:undefined:undefined:undefined:undefined":30,"s:367:6:373:Infinity":88,"b:367:10:367:21:367:21:367:28":31,"s:368:8:372:Infinity":89,"s:378:24:380:Infinity":90,"f:378:39:378:40":5,"s:379:4:379:Infinity":91,"f:379:29:379:30":6,"s:379:36:379:64":92,"s:383:26:394:Infinity":93,"f:384:22:384:29":7,"s:385:40:385:Infinity":94,"s:386:6:392:Infinity":95,"s:396:2:396:Infinity":96}}}
,"/home/user/RAGStack-Lambda/amplify/data/functions/extractSources.ts": {"path":"/home/user/RAGStack-Lambda/amplify/data/functions/extractSources.ts","statementMap":{"0":{"start":{"line":26,"column":2},"end":{"line":85,"column":null}},"1":{"start":{"line":28,"column":4},"end":{"line":30,"column":null}},"2":{"start":{"line":29,"column":6},"end":{"line":29,"column":null}},"3":{"start":{"line":33,"column":20},"end":{"line":75,"column":null}},"4":{"start":{"line":35,"column":8},"end":{"line":69,"column":null}},"5":{"start":{"line":37,"column":24},"end":{"line":37,"column":null}},"6":{"start":{"line":40,"column":25},"end":{"line":40,"column":null}},"7":{"start":{"line":41,"column":10},"end":{"line":46,"column":null}},"8":{"start":{"line":42,"column":12},"end":{"line":42,"column":null}},"9":{"start":{"line":43,"column":10},"end":{"line":46,"column":null}},"10":{"start":{"line":44,"column":27},"end":{"line":44,"column":null}},"11":{"start":{"line":45,"column":12},"end":{"line":45,"column":null}},"12":{"start":{"line":49,"column":24},"end":{"line":49,"column":null}},"13":{"start":{"line":50,"column":10},"end":{"line":59,"column":null}},"14":{"start":{"line":51,"column":25},"end":{"line":54,"column":null}},"15":{"start":{"line":52,"column":32},"end":{"line":52,"column":50}},"16":{"start":{"line":55,"column":12},"end":{"line":55,"column":null}},"17":{"start":{"line":56,"column":12},"end":{"line":58,"column":null}},"18":{"start":{"line":57,"column":14},"end":{"line":57,"column":null}},"19":{"start":{"line":61,"column":10},"end":{"line":65,"column":null}},"20":{"start":{"line":67,"column":10},"end":{"line":67,"column":null}},"21":{"start":{"line":68,"column":10},"end":{"line":68,"column":null}},"22":{"start":{"line":71,"column":26},"end":{"line":71,"column":41}},"23":{"start":{"line":74,"column":8},"end":{"line":74,"column":null}},"24":{"start":{"line":74,"column":38},"end":{"line":74,"column":62}},"25":{"start":{"line":81,"column":4},"end":{"line":81,"column":null}},"26":{"start":{"line":83,"column":4},"end":{"line":83,"column":null}},"27":{"start":{"line":84,"column":4},"end":{"line":84,"column":null}}},"fnMap":{"0":{"name":"extractSources","decl":{"start":{"line":8,"column":22},"end":{"line":8,"column":37}},"loc":{"start":{"line":25,"column":3},"end":{"line":86,"column":null}},"line":25},"1":{"name":"(anonymous_1)","decl":{"start":{"line":34,"column":11},"end":{"line":34,"column":12}},"loc":{"start":{"line":34,"column":25},"end":{"line":70,"column":7}},"line":34},"2":{"name":"(anonymous_2)","decl":{"start":{"line":52,"column":19},"end":{"line":52,"column":20}},"loc":{"start":{"line":52,"column":32},"end":{"line":52,"column":50}},"line":52},"3":{"name":"(anonymous_3)","decl":{"start":{"line":71,"column":14},"end":{"line":71,"column":15}},"loc":{"start":{"line":71,"column":26},"end":{"line":71,"column":41}},"line":71},"4":{"name":"(anonymous_4)","decl":{"start":{"line":73,"column":14},"end":{"line":73,"column":15}},"loc":{"start":{"line":73,"column":40},"end":{"line":75,"column":7}},"line":73},"5":{"name":"(anonymous_5)","decl":{"start":{"line":74,"column":31},"end":{"line":74,"column":32}},"loc":{"start":{"line":74,"column":38},"end":{"line":74,"column":62}},"line":74}},"branchMap":{"0":{"loc":{"start":{"line":28,"column":4},"end":{"line":30,"column":null}},"type":"if","locations":[{"start":{"line":28,"column":4},"end":{"line":30,"column":null}},{"start":{},"end":{}}],"line":28},"1":{"loc":{"start":{"line":28,"column":8},"end":{"line":28,"column":58}},"type":"binary-expr","locations":[{"start":{"line":28,"column":8},"end":{"line":28,"column":28}},{"start":{"line":28,"column":28},"end":{"line":28,"column":58}}],"line":28},"2":{"loc":{"start":{"line":37,"column":24},"end":{"line":37,"column":null}},"type":"binary-expr","locations":[{"start":{"line":37,"column":24},"end":{"line":37,"column":42}},{"start":{"line":37,"column":42},"end":{"line":37,"column":null}}],"line":37},"3":{"loc":{"start":{"line":41,"column":10},"end":{"line":46,"column":null}},"type":"if","locations":[{"start":{"line":41,"column":10},"end":{"line":46,"column":null}},{"start":{"line":43,"column":10},"end":{"line":46,"column":null}}],"line":41},"4":{"loc":{"start":{"line":43,"column":10},"end":{"line":46,"column":null}},"type":"if","locations":[{"start":{"line":43,"column":10},"end":{"line":46,"column":null}},{"start":{},"end":{}}],"line":43},"5":{"loc":{"start":{"line":50,"column":10},"end":{"line":59,"column":null}},"type":"if","locations":[{"start":{"line":50,"column":10},"end":{"line":59,"column":null}},{"start":{},"end":{}}],"line":50},"6":{"loc":{"start":{"line":50,"column":14},"end":{"line":50,"column":75}},"type":"binary-expr","locations":[{"start":{"line":50,"column":14},"end":{"line":50,"column":40}},{"start":{"line":50,"column":40},"end":{"line":50,"column":75}}],"line":50},"7":{"loc":{"start":{"line":52,"column":32},"end":{"line":52,"column":50}},"type":"binary-expr","locations":[{"start":{"line":52,"column":32},"end":{"line":52,"column":48}},{"start":{"line":52,"column":48},"end":{"line":52,"column":50}}],"line":52},"8":{"loc":{"start":{"line":56,"column":12},"end":{"line":58,"column":null}},"type":"if","locations":[{"start":{"line":56,"column":12},"end":{"line":58,"column":null}},{"start":{},"end":{}}],"line":56},"9":{"loc":{"start":{"line":64,"column":21},"end":{"line":64,"column":null}},"type":"binary-expr","locations":[{"start":{"line":64,"column":21},"end":{"line":64,"column":32}},{"start":{"line":64,"column":32},"end":{"line":64,"column":null}}],"line":64}},"s":{"0":8,"1":8,"2":2,"3":6,"4":8,"5":8,"6":8,"7":8,"8":6,"9":2,"10":1,"11":1,"12":8,"13":8,"14":7,"15":9,"16":7,"17":7,"18":1,"19":8,"20":0,"21":0,"22":8,"23":8,"24":10,"25":6,"26":0,"27":0},"f":{"0":8,"1":8,"2":9,"3":8,"4":8,"5":10},"b":{"0":[2,6],"1":[8,7],"2":[8,1],"3":[6,2],"4":[1,1],"5":[7,1],"6":[8,7],"7":[9,0],"8":[1,6],"9":[8,1]},"meta":{"lastBranch":10,"lastFunction":6,"lastStatement":28,"seen":{"f:8:22:8:37":0,"s:26:2:85:Infinity":0,"b:28:4:30:Infinity:undefined:undefined:undefined:undefined":0,"s:28:4:30:Infinity":1,"b:28:8:28:28:28:28:28:58":1,"s:29:6:29:Infinity":2,"s:33:20:75:Infinity":3,"f:34:11:34:12":1,"s:35:8:69:Infinity":4,"s:37:24:37:Infinity":5,"b:37:24:37:42:37:42:37:Infinity":2,"s:40:25:40:Infinity":6,"b:41:10:46:Infinity:43:10:46:Infinity":3,"s:41:10:46:Infinity":7,"s:42:12:42:Infinity":8,"b:43:10:46:Infinity:undefined:undefined:undefined:undefined":4,"s:43:10:46:Infinity":9,"s:44:27:44:Infinity":10,"s:45:12:45:Infinity":11,"s:49:24:49:Infinity":12,"b:50:10:59:Infinity:undefined:undefined:undefined:undefined":5,"s:50:10:59:Infinity":13,"b:50:14:50:40:50:40:50:75":6,"s:51:25:54:Infinity":14,"f:52:19:52:20":2,"s:52:32:52:50":15,"b:52:32:52:48:52:48:52:50":7,"s:55:12:55:Infinity":16,"b:56:12:58:Infinity:undefined:undefined:undefined:undefined":8,"s:56:12:58:Infinity":17,"s:57:14:57:Infinity":18,"s:61:10:65:Infinity":19,"b:64:21:64:32:64:32:64:Infinity":9,"s:67:10:67:Infinity":20,"s:68:10:68:Infinity":21,"f:71:14:71:15":3,"s:71:26:71:41":22,"f:73:14:73:15":4,"s:74:8:74:Infinity":23,"f:74:31:74:32":5,"s:74:38:74:62":24,"s:81:4:81:Infinity":25,"s:83:4:83:Infinity":26,"s:84:4:84:Infinity":27}}}
,"/home/user/RAGStack-Lambda/amplify/data/functions/mapToOriginalDocument.ts": {"path":"/home/user/RAGStack-Lambda/amplify/data/functions/mapToOriginalDocument.ts","statementMap":{"0":{"start":{"line":34,"column":2},"end":{"line":37,"column":null}},"1":{"start":{"line":35,"column":4},"end":{"line":35,"column":null}},"2":{"start":{"line":36,"column":4},"end":{"line":36,"column":null}},"3":{"start":{"line":39,"column":2},"end":{"line":75,"column":null}},"4":{"start":{"line":42,"column":23},"end":{"line":42,"column":null}},"5":{"start":{"line":43,"column":4},"end":{"line":46,"column":null}},"6":{"start":{"line":44,"column":6},"end":{"line":44,"column":null}},"7":{"start":{"line":45,"column":6},"end":{"line":45,"column":null}},"8":{"start":{"line":48,"column":4},"end":{"line":48,"column":null}},"9":{"start":{"line":51,"column":25},"end":{"line":51,"column":null}},"10":{"start":{"line":52,"column":4},"end":{"line":55,"column":null}},"11":{"start":{"line":53,"column":6},"end":{"line":53,"column":null}},"12":{"start":{"line":54,"column":6},"end":{"line":54,"column":null}},"13":{"start":{"line":57,"column":37},"end":{"line":57,"column":null}},"14":{"start":{"line":60,"column":23},"end":{"line":60,"column":null}},"15":{"start":{"line":61,"column":4},"end":{"line":64,"column":null}},"16":{"start":{"line":62,"column":6},"end":{"line":62,"column":null}},"17":{"start":{"line":63,"column":6},"end":{"line":63,"column":null}},"18":{"start":{"line":67,"column":24},"end":{"line":67,"column":null}},"19":{"start":{"line":69,"column":4},"end":{"line":69,"column":null}},"20":{"start":{"line":70,"column":4},"end":{"line":70,"column":null}},"21":{"start":{"line":73,"column":4},"end":{"line":73,"column":null}},"22":{"start":{"line":74,"column":4},"end":{"line":74,"column":null}},"23":{"start":{"line":83,"column":16},"end":{"line":83,"column":null}},"24":{"start":{"line":84,"column":2},"end":{"line":84,"column":null}},"25":{"start":{"line":91,"column":20},"end":{"line":91,"column":null}},"26":{"start":{"line":92,"column":2},"end":{"line":95,"column":null}},"27":{"start":{"line":93,"column":4},"end":{"line":93,"column":null}},"28":{"start":{"line":94,"column":4},"end":{"line":94,"column":null}},"29":{"start":{"line":97,"column":19},"end":{"line":97,"column":null}},"30":{"start":{"line":99,"column":2},"end":{"line":124,"column":null}},"31":{"start":{"line":100,"column":19},"end":{"line":105,"column":null}},"32":{"start":{"line":107,"column":4},"end":{"line":109,"column":null}},"33":{"start":{"line":108,"column":6},"end":{"line":108,"column":null}},"34":{"start":{"line":111,"column":23},"end":{"line":111,"column":null}},"35":{"start":{"line":112,"column":21},"end":{"line":112,"column":null}},"36":{"start":{"line":114,"column":4},"end":{"line":117,"column":null}},"37":{"start":{"line":115,"column":6},"end":{"line":115,"column":null}},"38":{"start":{"line":116,"column":6},"end":{"line":116,"column":null}},"39":{"start":{"line":119,"column":4},"end":{"line":119,"column":null}},"40":{"start":{"line":122,"column":4},"end":{"line":122,"column":null}},"41":{"start":{"line":123,"column":4},"end":{"line":123,"column":null}},"42":{"start":{"line":132,"column":16},"end":{"line":132,"column":null}},"43":{"start":{"line":133,"column":2},"end":{"line":135,"column":null}},"44":{"start":{"line":134,"column":4},"end":{"line":134,"column":null}},"45":{"start":{"line":137,"column":2},"end":{"line":140,"column":null}},"46":{"start":{"line":147,"column":19},"end":{"line":147,"column":null}},"47":{"start":{"line":149,"column":18},"end":{"line":152,"column":null}},"48":{"start":{"line":155,"column":23},"end":{"line":155,"column":null}},"49":{"start":{"line":157,"column":2},"end":{"line":157,"column":null}}},"fnMap":{"0":{"name":"mapToOriginalDocument","decl":{"start":{"line":29,"column":22},"end":{"line":29,"column":null}},"loc":{"start":{"line":32,"column":28},"end":{"line":76,"column":null}},"line":32},"1":{"name":"extractDocumentId","decl":{"start":{"line":81,"column":9},"end":{"line":81,"column":27}},"loc":{"start":{"line":81,"column":57},"end":{"line":85,"column":null}},"line":81},"2":{"name":"queryTrackingTable","decl":{"start":{"line":90,"column":15},"end":{"line":90,"column":34}},"loc":{"start":{"line":90,"column":112},"end":{"line":125,"column":null}},"line":90},"3":{"name":"parseS3Uri","decl":{"start":{"line":130,"column":9},"end":{"line":130,"column":20}},"loc":{"start":{"line":130,"column":75},"end":{"line":141,"column":null}},"line":130},"4":{"name":"generatePresignedUrl","decl":{"start":{"line":146,"column":15},"end":{"line":146,"column":36}},"loc":{"start":{"line":146,"column":82},"end":{"line":158,"column":null}},"line":146}},"branchMap":{"0":{"loc":{"start":{"line":34,"column":2},"end":{"line":37,"column":null}},"type":"if","locations":[{"start":{"line":34,"column":2},"end":{"line":37,"column":null}},{"start":{},"end":{}}],"line":34},"1":{"loc":{"start":{"line":43,"column":4},"end":{"line":46,"column":null}},"type":"if","locations":[{"start":{"line":43,"column":4},"end":{"line":46,"column":null}},{"start":{},"end":{}}],"line":43},"2":{"loc":{"start":{"line":52,"column":4},"end":{"line":55,"column":null}},"type":"if","locations":[{"start":{"line":52,"column":4},"end":{"line":55,"column":null}},{"start":{},"end":{}}],"line":52},"3":{"loc":{"start":{"line":61,"column":4},"end":{"line":64,"column":null}},"type":"if","locations":[{"start":{"line":61,"column":4},"end":{"line":64,"column":null}},{"start":{},"end":{}}],"line":61},"4":{"loc":{"start":{"line":84,"column":9},"end":{"line":84,"column":null}},"type":"cond-expr","locations":[{"start":{"line":84,"column":17},"end":{"line":84,"column":28}},{"start":{"line":84,"column":28},"end":{"line":84,"column":null}}],"line":84},"5":{"loc":{"start":{"line":92,"column":2},"end":{"line":95,"column":null}},"type":"if","locations":[{"start":{"line":92,"column":2},"end":{"line":95,"column":null}},{"start":{},"end":{}}],"line":92},"6":{"loc":{"start":{"line":107,"column":4},"end":{"line":109,"column":null}},"type":"if","locations":[{"start":{"line":107,"column":4},"end":{"line":109,"column":null}},{"start":{},"end":{}}],"line":107},"7":{"loc":{"start":{"line":114,"column":4},"end":{"line":117,"column":null}},"type":"if","locations":[{"start":{"line":114,"column":4},"end":{"line":117,"column":null}},{"start":{},"end":{}}],"line":114},"8":{"loc":{"start":{"line":114,"column":8},"end":{"line":114,"column":34}},"type":"binary-expr","locations":[{"start":{"line":114,"column":8},"end":{"line":114,"column":23}},{"start":{"line":114,"column":23},"end":{"line":114,"column":34}}],"line":114},"9":{"loc":{"start":{"line":133,"column":2},"end":{"line":135,"column":null}},"type":"if","locations":[{"start":{"line":133,"column":2},"end":{"line":135,"column":null}},{"start":{},"end":{}}],"line":133}},"s":{"0":13,"1":5,"2":5,"3":8,"4":8,"5":8,"6":1,"7":1,"8":7,"9":7,"10":7,"11":4,"12":4,"13":3,"14":3,"15":3,"16":1,"17":1,"18":2,"19":2,"20":2,"21":0,"22":0,"23":8,"24":8,"25":7,"26":7,"27":1,"28":1,"29":6,"30":6,"31":6,"32":5,"33":1,"34":4,"35":7,"36":7,"37":1,"38":1,"39":3,"40":1,"41":1,"42":3,"43":3,"44":1,"45":2,"46":2,"47":2,"48":2,"49":2},"f":{"0":13,"1":8,"2":7,"3":3,"4":2},"b":{"0":[5,8],"1":[1,7],"2":[4,3],"3":[1,2],"4":[7,1],"5":[1,6],"6":[1,4],"7":[1,6],"8":[7,4],"9":[1,2]},"meta":{"lastBranch":10,"lastFunction":5,"lastStatement":50,"seen":{"f:29:22:29:Infinity":0,"b:34:2:37:Infinity:undefined:undefined:undefined:undefined":0,"s:34:2:37:Infinity":0,"s:35:4:35:Infinity":1,"s:36:4:36:Infinity":2,"s:39:2:75:Infinity":3,"s:42:23:42:Infinity":4,"b:43:4:46:Infinity:undefined:undefined:undefined:undefined":1,"s:43:4:46:Infinity":5,"s:44:6:44:Infinity":6,"s:45:6:45:Infinity":7,"s:48:4:48:Infinity":8,"s:51:25:51:Infinity":9,"b:52:4:55:Infinity:undefined:undefined:undefined:undefined":2,"s:52:4:55:Infinity":10,"s:53:6:53:Infinity":11,"s:54:6:54:Infinity":12,"s:57:37:57:Infinity":13,"s:60:23:60:Infinity":14,"b:61:4:64:Infinity:undefined:undefined:undefined:undefined":3,"s:61:4:64:Infinity":15,"s:62:6:62:Infinity":16,"s:63:6:63:Infinity":17,"s:67:24:67:Infinity":18,"s:69:4:69:Infinity":19,"s:70:4:70:Infinity":20,"s:73:4:73:Infinity":21,"s:74:4:74:Infinity":22,"f:81:9:81:27":1,"s:83:16:83:Infinity":23,"s:84:2:84:Infinity":24,"b:84:17:84:28:84:28:84:Infinity":4,"f:90:15:90:34":2,"s:91:20:91:Infinity":25,"b:92:2:95:Infinity:undefined:undefined:undefined:undefined":5,"s:92:2:95:Infinity":26,"s:93:4:93:Infinity":27,"s:94:4:94:Infinity":28,"s:97:19:97:Infinity":29,"s:99:2:124:Infinity":30,"s:100:19:105:Infinity":31,"b:107:4:109:Infinity:undefined:undefined:undefined:undefined":6,"s:107:4:109:Infinity":32,"s:108:6:108:Infinity":33,"s:111:23:111:Infinity":34,"s:112:21:112:Infinity":35,"b:114:4:117:Infinity:undefined:undefined:undefined:undefined":7,"s:114:4:117:Infinity":36,"b:114:8:114:23:114:23:114:34":8,"s:115:6:115:Infinity":37,"s:116:6:116:Infinity":38,"s:119:4:119:Infinity":39,"s:122:4:122:Infinity":40,"s:123:4:123:Infinity":41,"f:130:9:130:20":3,"s:132:16:132:Infinity":42,"b:133:2:135:Infinity:undefined:undefined:undefined:undefined":9,"s:133:2:135:Infinity":43,"s:134:4:134:Infinity":44,"s:137:2:140:Infinity":45,"f:146:15:146:36":4,"s:147:19:147:Infinity":46,"s:149:18:152:Infinity":47,"s:155:23:155:Infinity":48,"s:157:2:157:Infinity":49}}}
}
